2021-12-21 14:41:21,779 INFO  [restartedMain] com.neoflex.customer_service.CustomerServiceApplication : Starting CustomerServiceApplication using Java 17.0.1 on NB58-061 with PID 5600 (C:\projects\neoflex-food\customer_service\target\classes started by sryzhkov in C:\projects\neoflex-food)
2021-12-21 14:41:21,787 INFO  [restartedMain] com.neoflex.customer_service.CustomerServiceApplication : No active profile set, falling back to default profiles: default
2021-12-21 14:41:21,848 INFO  [restartedMain] org.springframework.boot.devtools.restart.ChangeableUrls : The Class-Path manifest attribute in C:\Users\sryzhkov\.m2\repository\org\liquibase\liquibase-core\4.3.5\liquibase-core-4.3.5.jar referenced one or more files that do not exist: file:/C:/Users/sryzhkov/.m2/repository/org/liquibase/liquibase-core/4.3.5/commons-cli-1.4.jar,file:/C:/Users/sryzhkov/.m2/repository/org/liquibase/liquibase-core/4.3.5/snakeyaml-1.27.jar
2021-12-21 14:41:21,850 INFO  [restartedMain] org.springframework.boot.devtools.env.DevToolsPropertyDefaultsPostProcessor : Devtools property defaults active! Set 'spring.devtools.add-properties' to 'false' to disable
2021-12-21 14:41:21,850 INFO  [restartedMain] org.springframework.boot.devtools.env.DevToolsPropertyDefaultsPostProcessor : For additional web related logging consider setting the 'logging.level.web' property to 'DEBUG'
2021-12-21 14:41:22,683 INFO  [restartedMain] org.springframework.data.repository.config.RepositoryConfigurationDelegate : Bootstrapping Spring Data JPA repositories in DEFAULT mode.
2021-12-21 14:41:22,749 INFO  [restartedMain] org.springframework.data.repository.config.RepositoryConfigurationDelegate : Finished Spring Data repository scanning in 56 ms. Found 1 JPA repository interfaces.
2021-12-21 14:41:23,573 INFO  [restartedMain] org.springframework.boot.web.embedded.tomcat.TomcatWebServer : Tomcat initialized with port(s): 8092 (http)
2021-12-21 14:41:23,589 INFO  [restartedMain] org.apache.catalina.core.StandardService : Starting service [Tomcat]
2021-12-21 14:41:23,590 INFO  [restartedMain] org.apache.catalina.core.StandardEngine : Starting Servlet engine: [Apache Tomcat/9.0.54]
2021-12-21 14:41:23,706 INFO  [restartedMain] org.apache.catalina.core.ContainerBase.[Tomcat].[localhost].[/] : Initializing Spring embedded WebApplicationContext
2021-12-21 14:41:23,707 INFO  [restartedMain] org.springframework.boot.web.servlet.context.ServletWebServerApplicationContext : Root WebApplicationContext: initialization completed in 1856 ms
2021-12-21 14:41:23,860 INFO  [restartedMain] com.zaxxer.hikari.HikariDataSource : HikariPool-1 - Starting...
2021-12-21 14:41:24,115 INFO  [restartedMain] com.zaxxer.hikari.HikariDataSource : HikariPool-1 - Start completed.
2021-12-21 14:41:24,672 INFO  [restartedMain] liquibase.lockservice : Successfully acquired change log lock
2021-12-21 14:41:25,182 INFO  [restartedMain] liquibase.changelog : Reading from public.databasechangelog
2021-12-21 14:41:25,216 INFO  [restartedMain] liquibase.lockservice : Successfully released change log lock
2021-12-21 14:41:25,221 INFO  [restartedMain] liquibase.lockservice : Successfully acquired change log lock
2021-12-21 14:41:25,222 WARN  [restartedMain] liquibase.hub : Skipping auto-registration
2021-12-21 14:41:25,254 INFO  [restartedMain] liquibase.changelog : SQL in file data/init_db.sql executed
2021-12-21 14:41:25,255 INFO  [restartedMain] liquibase.changelog : ChangeSet changelog/v1.0/initial.xml::2::sryzhkov ran successfully in 28ms
2021-12-21 14:41:25,263 INFO  [restartedMain] liquibase.lockservice : Successfully released change log lock
2021-12-21 14:41:25,362 INFO  [restartedMain] org.hibernate.jpa.internal.util.LogHelper : HHH000204: Processing PersistenceUnitInfo [name: default]
2021-12-21 14:41:25,485 INFO  [restartedMain] org.hibernate.Version : HHH000412: Hibernate ORM core version 5.4.32.Final
2021-12-21 14:41:25,736 INFO  [restartedMain] org.hibernate.annotations.common.Version : HCANN000001: Hibernate Commons Annotations {5.1.2.Final}
2021-12-21 14:41:25,925 INFO  [restartedMain] org.hibernate.dialect.Dialect : HHH000400: Using dialect: org.hibernate.dialect.PostgreSQL9Dialect
2021-12-21 14:41:26,549 INFO  [restartedMain] org.hibernate.engine.transaction.jta.platform.internal.JtaPlatformInitiator : HHH000490: Using JtaPlatform implementation: [org.hibernate.engine.transaction.jta.platform.internal.NoJtaPlatform]
2021-12-21 14:41:26,556 INFO  [restartedMain] org.springframework.orm.jpa.LocalContainerEntityManagerFactoryBean : Initialized JPA EntityManagerFactory for persistence unit 'default'
2021-12-21 14:41:26,961 WARN  [restartedMain] org.springframework.boot.autoconfigure.orm.jpa.JpaBaseConfiguration$JpaWebConfiguration : spring.jpa.open-in-view is enabled by default. Therefore, database queries may be performed during view rendering. Explicitly configure spring.jpa.open-in-view to disable this warning
2021-12-21 14:41:27,321 WARN  [restartedMain] org.springframework.boot.devtools.autoconfigure.OptionalLiveReloadServer : Unable to start LiveReload server
2021-12-21 14:41:27,366 INFO  [restartedMain] org.springframework.boot.web.embedded.tomcat.TomcatWebServer : Tomcat started on port(s): 8092 (http) with context path ''
2021-12-21 14:41:27,377 INFO  [restartedMain] com.neoflex.customer_service.CustomerServiceApplication : Started CustomerServiceApplication in 6.138 seconds (JVM running for 6.942)
2021-12-21 14:43:44,882 INFO  [http-nio-8092-exec-1] org.apache.catalina.core.ContainerBase.[Tomcat].[localhost].[/] : Initializing Spring DispatcherServlet 'dispatcherServlet'
2021-12-21 14:43:44,883 INFO  [http-nio-8092-exec-1] org.springframework.web.servlet.DispatcherServlet : Initializing Servlet 'dispatcherServlet'
2021-12-21 14:43:44,884 INFO  [http-nio-8092-exec-1] org.springframework.web.servlet.DispatcherServlet : Completed initialization in 1 ms
2021-12-21 14:43:45,061 INFO  [http-nio-8092-exec-1] com.neoflex.customer_service.controller.CustomerController : Create customer CustomerEditDto(name=111111, phone=111111111, password=11111)
2021-12-21 14:46:37,372 INFO  [http-nio-8092-exec-3] com.neoflex.customer_service.controller.CustomerController : Create customer CustomerEditDto(name=2222222, phone=22222222222, password=222222)
2021-12-21 15:25:22,530 INFO  [http-nio-8092-exec-5] com.neoflex.customer_service.controller.CustomerController : Authenticate customer with phone 1
2021-12-21 15:25:22,891 WARN  [http-nio-8092-exec-5] com.neoflex.customer_service.exception.GlobalExceptionHandler : Phone not valid 
2021-12-21 15:25:22,900 WARN  [http-nio-8092-exec-5] org.springframework.web.servlet.mvc.method.annotation.ExceptionHandlerExceptionResolver : Resolved [com.neoflex.customer_service.exception.NotValidException: Phone not valid ]
2021-12-21 15:29:19,067 INFO  [http-nio-8092-exec-7] com.neoflex.customer_service.controller.CustomerController : Authenticate customer with phone 11
2021-12-21 15:29:19,071 WARN  [http-nio-8092-exec-7] com.neoflex.customer_service.exception.GlobalExceptionHandler : Phone not valid 
2021-12-21 15:29:19,074 WARN  [http-nio-8092-exec-7] org.springframework.web.servlet.mvc.method.annotation.ExceptionHandlerExceptionResolver : Resolved [com.neoflex.customer_service.exception.NotValidException: Phone not valid ]
2021-12-21 15:29:20,513 INFO  [http-nio-8092-exec-9] com.neoflex.customer_service.controller.CustomerController : Authenticate customer with phone 11
2021-12-21 15:29:20,516 WARN  [http-nio-8092-exec-9] com.neoflex.customer_service.exception.GlobalExceptionHandler : Phone not valid 
2021-12-21 15:29:20,517 WARN  [http-nio-8092-exec-9] org.springframework.web.servlet.mvc.method.annotation.ExceptionHandlerExceptionResolver : Resolved [com.neoflex.customer_service.exception.NotValidException: Phone not valid ]
2021-12-21 15:30:28,414 INFO  [http-nio-8092-exec-1] com.neoflex.customer_service.controller.CustomerController : Authenticate customer with phone 11
2021-12-21 15:30:28,419 WARN  [http-nio-8092-exec-1] com.neoflex.customer_service.exception.GlobalExceptionHandler : Phone not valid 
2021-12-21 15:30:28,420 WARN  [http-nio-8092-exec-1] org.springframework.web.servlet.mvc.method.annotation.ExceptionHandlerExceptionResolver : Resolved [com.neoflex.customer_service.exception.NotValidException: Phone not valid ]
2021-12-21 15:37:11,982 INFO  [http-nio-8092-exec-3] com.neoflex.customer_service.controller.CustomerController : Authenticate customer with phone 1
2021-12-21 15:37:11,988 WARN  [http-nio-8092-exec-3] com.neoflex.customer_service.exception.GlobalExceptionHandler : Phone not valid 
2021-12-21 15:37:11,993 WARN  [http-nio-8092-exec-3] org.springframework.web.servlet.mvc.method.annotation.ExceptionHandlerExceptionResolver : Resolved [com.neoflex.customer_service.exception.NotValidException: Phone not valid ]
2021-12-21 15:37:52,359 INFO  [http-nio-8092-exec-5] com.neoflex.customer_service.controller.CustomerController : Authenticate customer with phone 1
2021-12-21 15:37:52,361 WARN  [http-nio-8092-exec-5] com.neoflex.customer_service.exception.GlobalExceptionHandler : Phone not valid 
2021-12-21 15:37:52,362 WARN  [http-nio-8092-exec-5] org.springframework.web.servlet.mvc.method.annotation.ExceptionHandlerExceptionResolver : Resolved [com.neoflex.customer_service.exception.NotValidException: Phone not valid ]
2021-12-21 15:39:03,528 INFO  [http-nio-8092-exec-7] com.neoflex.customer_service.controller.CustomerController : Create customer CustomerEditDto(name=deede, phone=999-99-99, password=111111)
2021-12-21 15:39:03,964 WARN  [http-nio-8092-exec-7] org.hibernate.engine.jdbc.spi.SqlExceptionHelper : SQL Error: 0, SQLState: 23505
2021-12-21 15:39:03,966 ERROR [http-nio-8092-exec-7] org.hibernate.engine.jdbc.spi.SqlExceptionHelper : ОШИБКА: повторяющееся значение ключа нарушает ограничение уникальности "users_unique_phone_idx"
  Подробности: Ключ "(phone)=(999-99-99)" уже существует.
2021-12-21 15:39:04,001 WARN  [http-nio-8092-exec-7] com.neoflex.customer_service.exception.GlobalExceptionHandler : Phone already exist
2021-12-21 15:39:04,003 WARN  [http-nio-8092-exec-7] org.springframework.web.servlet.mvc.method.annotation.ExceptionHandlerExceptionResolver : Resolved [java.lang.IllegalArgumentException: Phone already exist]
2021-12-21 15:40:06,851 INFO  [http-nio-8092-exec-9] com.neoflex.customer_service.controller.CustomerController : Create customer CustomerEditDto(name=1121, phone=999-99-99, password=1212121)
2021-12-21 15:40:07,163 WARN  [http-nio-8092-exec-9] org.hibernate.engine.jdbc.spi.SqlExceptionHelper : SQL Error: 0, SQLState: 23505
2021-12-21 15:40:07,164 ERROR [http-nio-8092-exec-9] org.hibernate.engine.jdbc.spi.SqlExceptionHelper : ОШИБКА: повторяющееся значение ключа нарушает ограничение уникальности "users_unique_phone_idx"
  Подробности: Ключ "(phone)=(999-99-99)" уже существует.
2021-12-21 15:40:07,167 WARN  [http-nio-8092-exec-9] com.neoflex.customer_service.exception.GlobalExceptionHandler : Phone already exist
2021-12-21 15:40:07,169 WARN  [http-nio-8092-exec-9] org.springframework.web.servlet.mvc.method.annotation.ExceptionHandlerExceptionResolver : Resolved [java.lang.IllegalArgumentException: Phone already exist]
2021-12-21 15:43:08,808 INFO  [http-nio-8092-exec-1] com.neoflex.customer_service.controller.CustomerController : Authenticate customer with phone 999-99-99
2021-12-21 15:43:08,921 WARN  [http-nio-8092-exec-1] com.neoflex.customer_service.exception.GlobalExceptionHandler : Password not valid
2021-12-21 15:43:08,923 WARN  [http-nio-8092-exec-1] org.springframework.web.servlet.mvc.method.annotation.ExceptionHandlerExceptionResolver : Resolved [com.neoflex.customer_service.exception.NotValidException: Password not valid]
2021-12-21 15:46:41,811 WARN  [http-nio-8092-exec-3] com.neoflex.customer_service.exception.GlobalExceptionHandler : Validation failed for argument [0] in public com.neoflex.customer_service.model.to.CustomerDto com.neoflex.customer_service.controller.CustomerController.create(com.neoflex.customer_service.model.to.CustomerEditDto) with 3 errors: [Field error in object 'customerEditDto' on field 'name': rejected value [9]; codes [Length.customerEditDto.name,Length.name,Length.java.lang.String,Length]; arguments [org.springframework.context.support.DefaultMessageSourceResolvable: codes [customerEditDto.name,name]; arguments []; default message [name],30,3]; default message [длина должна составлять от 3 до 30]] [Field error in object 'customerEditDto' on field 'phone': rejected value [9]; codes [Length.customerEditDto.phone,Length.phone,Length.java.lang.String,Length]; arguments [org.springframework.context.support.DefaultMessageSourceResolvable: codes [customerEditDto.phone,phone]; arguments []; default message [phone],12,8]; default message [длина должна составлять от 8 до 12]] [Field error in object 'customerEditDto' on field 'password': rejected value [9]; codes [Length.customerEditDto.password,Length.password,Length.java.lang.String,Length]; arguments [org.springframework.context.support.DefaultMessageSourceResolvable: codes [customerEditDto.password,password]; arguments []; default message [password],15,3]; default message [длина должна составлять от 3 до 15]] 
2021-12-21 15:46:41,815 WARN  [http-nio-8092-exec-3] org.springframework.web.servlet.mvc.method.annotation.ExceptionHandlerExceptionResolver : Resolved [org.springframework.web.bind.MethodArgumentNotValidException: Validation failed for argument [0] in public com.neoflex.customer_service.model.to.CustomerDto com.neoflex.customer_service.controller.CustomerController.create(com.neoflex.customer_service.model.to.CustomerEditDto) with 3 errors: [Field error in object 'customerEditDto' on field 'name': rejected value [9]; codes [Length.customerEditDto.name,Length.name,Length.java.lang.String,Length]; arguments [org.springframework.context.support.DefaultMessageSourceResolvable: codes [customerEditDto.name,name]; arguments []; default message [name],30,3]; default message [длина должна составлять от 3 до 30]] [Field error in object 'customerEditDto' on field 'phone': rejected value [9]; codes [Length.customerEditDto.phone,Length.phone,Length.java.lang.String,Length]; arguments [org.springframework.context.support.DefaultMessageSourceResolvable: codes [customerEditDto.phone,phone]; arguments []; default message [phone],12,8]; default message [длина должна составлять от 8 до 12]] [Field error in object 'customerEditDto' on field 'password': rejected value [9]; codes [Length.customerEditDto.password,Length.password,Length.java.lang.String,Length]; arguments [org.springframework.context.support.DefaultMessageSourceResolvable: codes [customerEditDto.password,password]; arguments []; default message [password],15,3]; default message [длина должна составлять от 3 до 15]] ]
2021-12-21 15:49:42,749 INFO  [SpringApplicationShutdownHook] org.springframework.orm.jpa.LocalContainerEntityManagerFactoryBean : Closing JPA EntityManagerFactory for persistence unit 'default'
2021-12-21 15:49:42,772 INFO  [SpringApplicationShutdownHook] com.zaxxer.hikari.HikariDataSource : HikariPool-1 - Shutdown initiated...
2021-12-21 15:49:42,775 INFO  [SpringApplicationShutdownHook] com.zaxxer.hikari.HikariDataSource : HikariPool-1 - Shutdown completed.
2021-12-21 15:49:48,127 INFO  [restartedMain] com.neoflex.customer_service.CustomerServiceApplication : Starting CustomerServiceApplication using Java 17.0.1 on NB58-061 with PID 15048 (C:\projects\neoflex-food\customer_service\target\classes started by sryzhkov in C:\projects\neoflex-food)
2021-12-21 15:49:48,128 INFO  [restartedMain] com.neoflex.customer_service.CustomerServiceApplication : No active profile set, falling back to default profiles: default
2021-12-21 15:49:48,178 INFO  [restartedMain] org.springframework.boot.devtools.restart.ChangeableUrls : The Class-Path manifest attribute in C:\Users\sryzhkov\.m2\repository\org\liquibase\liquibase-core\4.3.5\liquibase-core-4.3.5.jar referenced one or more files that do not exist: file:/C:/Users/sryzhkov/.m2/repository/org/liquibase/liquibase-core/4.3.5/commons-cli-1.4.jar,file:/C:/Users/sryzhkov/.m2/repository/org/liquibase/liquibase-core/4.3.5/snakeyaml-1.27.jar
2021-12-21 15:49:48,179 INFO  [restartedMain] org.springframework.boot.devtools.env.DevToolsPropertyDefaultsPostProcessor : Devtools property defaults active! Set 'spring.devtools.add-properties' to 'false' to disable
2021-12-21 15:49:48,179 INFO  [restartedMain] org.springframework.boot.devtools.env.DevToolsPropertyDefaultsPostProcessor : For additional web related logging consider setting the 'logging.level.web' property to 'DEBUG'
2021-12-21 15:49:49,023 INFO  [restartedMain] org.springframework.data.repository.config.RepositoryConfigurationDelegate : Bootstrapping Spring Data JPA repositories in DEFAULT mode.
2021-12-21 15:49:49,089 INFO  [restartedMain] org.springframework.data.repository.config.RepositoryConfigurationDelegate : Finished Spring Data repository scanning in 57 ms. Found 1 JPA repository interfaces.
2021-12-21 15:49:49,879 INFO  [restartedMain] org.springframework.boot.web.embedded.tomcat.TomcatWebServer : Tomcat initialized with port(s): 8092 (http)
2021-12-21 15:49:49,900 INFO  [restartedMain] org.apache.catalina.core.StandardService : Starting service [Tomcat]
2021-12-21 15:49:49,900 INFO  [restartedMain] org.apache.catalina.core.StandardEngine : Starting Servlet engine: [Apache Tomcat/9.0.54]
2021-12-21 15:49:50,004 INFO  [restartedMain] org.apache.catalina.core.ContainerBase.[Tomcat].[localhost].[/] : Initializing Spring embedded WebApplicationContext
2021-12-21 15:49:50,004 INFO  [restartedMain] org.springframework.boot.web.servlet.context.ServletWebServerApplicationContext : Root WebApplicationContext: initialization completed in 1824 ms
2021-12-21 15:49:50,149 INFO  [restartedMain] com.zaxxer.hikari.HikariDataSource : HikariPool-1 - Starting...
2021-12-21 15:49:50,370 INFO  [restartedMain] com.zaxxer.hikari.HikariDataSource : HikariPool-1 - Start completed.
2021-12-21 15:49:50,910 INFO  [restartedMain] liquibase.lockservice : Successfully acquired change log lock
2021-12-21 15:49:51,477 INFO  [restartedMain] liquibase.changelog : Reading from public.databasechangelog
2021-12-21 15:49:51,531 INFO  [restartedMain] liquibase.lockservice : Successfully released change log lock
2021-12-21 15:49:51,538 INFO  [restartedMain] liquibase.lockservice : Successfully acquired change log lock
2021-12-21 15:49:51,539 WARN  [restartedMain] liquibase.hub : Skipping auto-registration
2021-12-21 15:49:51,565 INFO  [restartedMain] liquibase.changelog : SQL in file data/init_db.sql executed
2021-12-21 15:49:51,566 INFO  [restartedMain] liquibase.changelog : ChangeSet changelog/v1.0/initial.xml::2::sryzhkov ran successfully in 19ms
2021-12-21 15:49:51,574 INFO  [restartedMain] liquibase.lockservice : Successfully released change log lock
2021-12-21 15:49:51,674 INFO  [restartedMain] org.hibernate.jpa.internal.util.LogHelper : HHH000204: Processing PersistenceUnitInfo [name: default]
2021-12-21 15:49:51,783 INFO  [restartedMain] org.hibernate.Version : HHH000412: Hibernate ORM core version 5.4.32.Final
2021-12-21 15:49:51,981 INFO  [restartedMain] org.hibernate.annotations.common.Version : HCANN000001: Hibernate Commons Annotations {5.1.2.Final}
2021-12-21 15:49:52,157 INFO  [restartedMain] org.hibernate.dialect.Dialect : HHH000400: Using dialect: org.hibernate.dialect.PostgreSQL9Dialect
2021-12-21 15:49:52,805 INFO  [restartedMain] org.hibernate.engine.transaction.jta.platform.internal.JtaPlatformInitiator : HHH000490: Using JtaPlatform implementation: [org.hibernate.engine.transaction.jta.platform.internal.NoJtaPlatform]
2021-12-21 15:49:52,817 INFO  [restartedMain] org.springframework.orm.jpa.LocalContainerEntityManagerFactoryBean : Initialized JPA EntityManagerFactory for persistence unit 'default'
2021-12-21 15:49:53,299 WARN  [restartedMain] org.springframework.boot.autoconfigure.orm.jpa.JpaBaseConfiguration$JpaWebConfiguration : spring.jpa.open-in-view is enabled by default. Therefore, database queries may be performed during view rendering. Explicitly configure spring.jpa.open-in-view to disable this warning
2021-12-21 15:49:53,764 WARN  [restartedMain] org.springframework.boot.devtools.autoconfigure.OptionalLiveReloadServer : Unable to start LiveReload server
2021-12-21 15:49:53,824 INFO  [restartedMain] org.springframework.boot.web.embedded.tomcat.TomcatWebServer : Tomcat started on port(s): 8092 (http) with context path ''
2021-12-21 15:49:53,844 INFO  [restartedMain] com.neoflex.customer_service.CustomerServiceApplication : Started CustomerServiceApplication in 6.302 seconds (JVM running for 7.002)
2021-12-21 17:45:13,186 INFO  [SpringApplicationShutdownHook] org.springframework.orm.jpa.LocalContainerEntityManagerFactoryBean : Closing JPA EntityManagerFactory for persistence unit 'default'
2021-12-21 17:45:13,335 INFO  [SpringApplicationShutdownHook] com.zaxxer.hikari.HikariDataSource : HikariPool-1 - Shutdown initiated...
2021-12-21 17:45:13,397 INFO  [SpringApplicationShutdownHook] com.zaxxer.hikari.HikariDataSource : HikariPool-1 - Shutdown completed.
2021-12-21 17:45:18,392 INFO  [restartedMain] com.neoflex.customer_service.CustomerServiceApplication : Starting CustomerServiceApplication using Java 17.0.1 on NB58-061 with PID 19440 (C:\projects\neoflex-food\customer_service\target\classes started by sryzhkov in C:\projects\neoflex-food)
2021-12-21 17:45:18,393 INFO  [restartedMain] com.neoflex.customer_service.CustomerServiceApplication : No active profile set, falling back to default profiles: default
2021-12-21 17:45:18,460 INFO  [restartedMain] org.springframework.boot.devtools.restart.ChangeableUrls : The Class-Path manifest attribute in C:\Users\sryzhkov\.m2\repository\org\liquibase\liquibase-core\4.3.5\liquibase-core-4.3.5.jar referenced one or more files that do not exist: file:/C:/Users/sryzhkov/.m2/repository/org/liquibase/liquibase-core/4.3.5/commons-cli-1.4.jar,file:/C:/Users/sryzhkov/.m2/repository/org/liquibase/liquibase-core/4.3.5/snakeyaml-1.27.jar
2021-12-21 17:45:18,461 INFO  [restartedMain] org.springframework.boot.devtools.env.DevToolsPropertyDefaultsPostProcessor : Devtools property defaults active! Set 'spring.devtools.add-properties' to 'false' to disable
2021-12-21 17:45:18,461 INFO  [restartedMain] org.springframework.boot.devtools.env.DevToolsPropertyDefaultsPostProcessor : For additional web related logging consider setting the 'logging.level.web' property to 'DEBUG'
2021-12-21 17:45:19,546 INFO  [restartedMain] org.springframework.data.repository.config.RepositoryConfigurationDelegate : Bootstrapping Spring Data JPA repositories in DEFAULT mode.
2021-12-21 17:45:19,654 INFO  [restartedMain] org.springframework.data.repository.config.RepositoryConfigurationDelegate : Finished Spring Data repository scanning in 92 ms. Found 1 JPA repository interfaces.
2021-12-21 17:45:20,657 INFO  [restartedMain] org.springframework.boot.web.embedded.tomcat.TomcatWebServer : Tomcat initialized with port(s): 8092 (http)
2021-12-21 17:45:20,674 INFO  [restartedMain] org.apache.catalina.core.StandardService : Starting service [Tomcat]
2021-12-21 17:45:20,675 INFO  [restartedMain] org.apache.catalina.core.StandardEngine : Starting Servlet engine: [Apache Tomcat/9.0.54]
2021-12-21 17:45:20,808 INFO  [restartedMain] org.apache.catalina.core.ContainerBase.[Tomcat].[localhost].[/] : Initializing Spring embedded WebApplicationContext
2021-12-21 17:45:20,808 INFO  [restartedMain] org.springframework.boot.web.servlet.context.ServletWebServerApplicationContext : Root WebApplicationContext: initialization completed in 2346 ms
2021-12-21 17:45:20,967 INFO  [restartedMain] com.zaxxer.hikari.HikariDataSource : HikariPool-1 - Starting...
2021-12-21 17:45:21,200 INFO  [restartedMain] com.zaxxer.hikari.HikariDataSource : HikariPool-1 - Start completed.
2021-12-21 17:45:21,771 INFO  [restartedMain] liquibase.lockservice : Successfully acquired change log lock
2021-12-21 17:45:22,553 INFO  [restartedMain] liquibase.changelog : Reading from public.databasechangelog
2021-12-21 17:45:22,604 INFO  [restartedMain] liquibase.lockservice : Successfully released change log lock
2021-12-21 17:45:22,609 INFO  [restartedMain] liquibase.lockservice : Successfully acquired change log lock
2021-12-21 17:45:22,611 WARN  [restartedMain] liquibase.hub : Skipping auto-registration
2021-12-21 17:45:22,661 INFO  [restartedMain] liquibase.changelog : SQL in file data/init_db.sql executed
2021-12-21 17:45:22,663 INFO  [restartedMain] liquibase.changelog : ChangeSet changelog/v1.0/initial.xml::2::sryzhkov ran successfully in 47ms
2021-12-21 17:45:22,673 INFO  [restartedMain] liquibase.lockservice : Successfully released change log lock
2021-12-21 17:45:22,776 INFO  [restartedMain] org.hibernate.jpa.internal.util.LogHelper : HHH000204: Processing PersistenceUnitInfo [name: default]
2021-12-21 17:45:22,887 INFO  [restartedMain] org.hibernate.Version : HHH000412: Hibernate ORM core version 5.4.32.Final
2021-12-21 17:45:23,114 INFO  [restartedMain] org.hibernate.annotations.common.Version : HCANN000001: Hibernate Commons Annotations {5.1.2.Final}
2021-12-21 17:45:23,288 INFO  [restartedMain] org.hibernate.dialect.Dialect : HHH000400: Using dialect: org.hibernate.dialect.PostgreSQL9Dialect
2021-12-21 17:45:23,961 INFO  [restartedMain] org.hibernate.engine.transaction.jta.platform.internal.JtaPlatformInitiator : HHH000490: Using JtaPlatform implementation: [org.hibernate.engine.transaction.jta.platform.internal.NoJtaPlatform]
2021-12-21 17:45:23,970 INFO  [restartedMain] org.springframework.orm.jpa.LocalContainerEntityManagerFactoryBean : Initialized JPA EntityManagerFactory for persistence unit 'default'
2021-12-21 17:45:24,437 WARN  [restartedMain] org.springframework.boot.autoconfigure.orm.jpa.JpaBaseConfiguration$JpaWebConfiguration : spring.jpa.open-in-view is enabled by default. Therefore, database queries may be performed during view rendering. Explicitly configure spring.jpa.open-in-view to disable this warning
2021-12-21 17:45:24,815 WARN  [restartedMain] org.springframework.boot.devtools.autoconfigure.OptionalLiveReloadServer : Unable to start LiveReload server
2021-12-21 17:45:24,873 INFO  [restartedMain] org.springframework.boot.web.embedded.tomcat.TomcatWebServer : Tomcat started on port(s): 8092 (http) with context path ''
2021-12-21 17:45:24,888 INFO  [restartedMain] com.neoflex.customer_service.CustomerServiceApplication : Started CustomerServiceApplication in 7.138 seconds (JVM running for 7.813)
2021-12-21 17:45:54,450 INFO  [SpringApplicationShutdownHook] org.springframework.orm.jpa.LocalContainerEntityManagerFactoryBean : Closing JPA EntityManagerFactory for persistence unit 'default'
2021-12-21 17:45:54,454 INFO  [SpringApplicationShutdownHook] com.zaxxer.hikari.HikariDataSource : HikariPool-1 - Shutdown initiated...
2021-12-21 17:45:54,458 INFO  [SpringApplicationShutdownHook] com.zaxxer.hikari.HikariDataSource : HikariPool-1 - Shutdown completed.
2021-12-21 17:45:57,787 INFO  [restartedMain] com.neoflex.customer_service.CustomerServiceApplication : Starting CustomerServiceApplication using Java 17.0.1 on NB58-061 with PID 7544 (C:\projects\neoflex-food\customer_service\target\classes started by sryzhkov in C:\projects\neoflex-food)
2021-12-21 17:45:57,788 INFO  [restartedMain] com.neoflex.customer_service.CustomerServiceApplication : No active profile set, falling back to default profiles: default
2021-12-21 17:45:57,841 INFO  [restartedMain] org.springframework.boot.devtools.restart.ChangeableUrls : The Class-Path manifest attribute in C:\Users\sryzhkov\.m2\repository\org\liquibase\liquibase-core\4.3.5\liquibase-core-4.3.5.jar referenced one or more files that do not exist: file:/C:/Users/sryzhkov/.m2/repository/org/liquibase/liquibase-core/4.3.5/commons-cli-1.4.jar,file:/C:/Users/sryzhkov/.m2/repository/org/liquibase/liquibase-core/4.3.5/snakeyaml-1.27.jar
2021-12-21 17:45:57,841 INFO  [restartedMain] org.springframework.boot.devtools.env.DevToolsPropertyDefaultsPostProcessor : Devtools property defaults active! Set 'spring.devtools.add-properties' to 'false' to disable
2021-12-21 17:45:57,842 INFO  [restartedMain] org.springframework.boot.devtools.env.DevToolsPropertyDefaultsPostProcessor : For additional web related logging consider setting the 'logging.level.web' property to 'DEBUG'
2021-12-21 17:45:58,617 INFO  [restartedMain] org.springframework.data.repository.config.RepositoryConfigurationDelegate : Bootstrapping Spring Data JPA repositories in DEFAULT mode.
2021-12-21 17:45:58,669 INFO  [restartedMain] org.springframework.data.repository.config.RepositoryConfigurationDelegate : Finished Spring Data repository scanning in 45 ms. Found 1 JPA repository interfaces.
2021-12-21 17:45:59,526 INFO  [restartedMain] org.springframework.boot.web.embedded.tomcat.TomcatWebServer : Tomcat initialized with port(s): 8092 (http)
2021-12-21 17:45:59,543 INFO  [restartedMain] org.apache.catalina.core.StandardService : Starting service [Tomcat]
2021-12-21 17:45:59,543 INFO  [restartedMain] org.apache.catalina.core.StandardEngine : Starting Servlet engine: [Apache Tomcat/9.0.54]
2021-12-21 17:45:59,723 INFO  [restartedMain] org.apache.catalina.core.ContainerBase.[Tomcat].[localhost].[/] : Initializing Spring embedded WebApplicationContext
2021-12-21 17:45:59,723 INFO  [restartedMain] org.springframework.boot.web.servlet.context.ServletWebServerApplicationContext : Root WebApplicationContext: initialization completed in 1881 ms
2021-12-21 17:45:59,877 INFO  [restartedMain] com.zaxxer.hikari.HikariDataSource : HikariPool-1 - Starting...
2021-12-21 17:46:00,273 INFO  [restartedMain] com.zaxxer.hikari.HikariDataSource : HikariPool-1 - Start completed.
2021-12-21 17:46:00,700 INFO  [restartedMain] liquibase.lockservice : Successfully acquired change log lock
2021-12-21 17:46:01,283 INFO  [restartedMain] liquibase.changelog : Reading from public.databasechangelog
2021-12-21 17:46:01,349 INFO  [restartedMain] liquibase.lockservice : Successfully released change log lock
2021-12-21 17:46:01,357 INFO  [restartedMain] liquibase.lockservice : Successfully acquired change log lock
2021-12-21 17:46:01,359 WARN  [restartedMain] liquibase.hub : Skipping auto-registration
2021-12-21 17:46:01,391 INFO  [restartedMain] liquibase.changelog : SQL in file data/init_db.sql executed
2021-12-21 17:46:01,393 INFO  [restartedMain] liquibase.changelog : ChangeSet changelog/v1.0/initial.xml::2::sryzhkov ran successfully in 23ms
2021-12-21 17:46:01,403 INFO  [restartedMain] liquibase.lockservice : Successfully released change log lock
2021-12-21 17:46:01,569 INFO  [restartedMain] org.hibernate.jpa.internal.util.LogHelper : HHH000204: Processing PersistenceUnitInfo [name: default]
2021-12-21 17:46:01,640 INFO  [restartedMain] org.hibernate.Version : HHH000412: Hibernate ORM core version 5.4.32.Final
2021-12-21 17:46:01,804 INFO  [restartedMain] org.hibernate.annotations.common.Version : HCANN000001: Hibernate Commons Annotations {5.1.2.Final}
2021-12-21 17:46:01,912 INFO  [restartedMain] org.hibernate.dialect.Dialect : HHH000400: Using dialect: org.hibernate.dialect.PostgreSQL9Dialect
2021-12-21 17:46:02,419 INFO  [restartedMain] org.hibernate.engine.transaction.jta.platform.internal.JtaPlatformInitiator : HHH000490: Using JtaPlatform implementation: [org.hibernate.engine.transaction.jta.platform.internal.NoJtaPlatform]
2021-12-21 17:46:02,427 INFO  [restartedMain] org.springframework.orm.jpa.LocalContainerEntityManagerFactoryBean : Initialized JPA EntityManagerFactory for persistence unit 'default'
2021-12-21 17:46:02,821 WARN  [restartedMain] org.springframework.boot.autoconfigure.orm.jpa.JpaBaseConfiguration$JpaWebConfiguration : spring.jpa.open-in-view is enabled by default. Therefore, database queries may be performed during view rendering. Explicitly configure spring.jpa.open-in-view to disable this warning
2021-12-21 17:46:03,156 WARN  [restartedMain] org.springframework.boot.devtools.autoconfigure.OptionalLiveReloadServer : Unable to start LiveReload server
2021-12-21 17:46:03,253 INFO  [restartedMain] org.springframework.boot.web.embedded.tomcat.TomcatWebServer : Tomcat started on port(s): 8092 (http) with context path ''
2021-12-21 17:46:03,292 INFO  [restartedMain] com.neoflex.customer_service.CustomerServiceApplication : Started CustomerServiceApplication in 6.094 seconds (JVM running for 6.688)
2021-12-21 17:50:57,382 INFO  [http-nio-8092-exec-1] org.apache.catalina.core.ContainerBase.[Tomcat].[localhost].[/] : Initializing Spring DispatcherServlet 'dispatcherServlet'
2021-12-21 17:50:57,382 INFO  [http-nio-8092-exec-1] org.springframework.web.servlet.DispatcherServlet : Initializing Servlet 'dispatcherServlet'
2021-12-21 17:50:57,384 INFO  [http-nio-8092-exec-1] org.springframework.web.servlet.DispatcherServlet : Completed initialization in 0 ms
2021-12-21 17:50:57,579 INFO  [http-nio-8092-exec-1] com.neoflex.customer_service.controller.CustomerController : Create customer CustomerEditDto(name=sdsed, phone=333333333, password=33333)
2021-12-21 17:52:57,021 INFO  [http-nio-8092-exec-3] com.neoflex.customer_service.controller.CustomerController : Authenticate customer with phone 999-99-99
2021-12-21 18:01:48,618 WARN  [http-nio-8092-exec-5] com.neoflex.customer_service.exception.GlobalExceptionHandler : Validation failed for argument [0] in public com.neoflex.customer_service.model.to.CustomerDto com.neoflex.customer_service.controller.CustomerController.create(com.neoflex.customer_service.model.to.CustomerEditDto): [Field error in object 'customerEditDto' on field 'phone': rejected value [7777777]; codes [Length.customerEditDto.phone,Length.phone,Length.java.lang.String,Length]; arguments [org.springframework.context.support.DefaultMessageSourceResolvable: codes [customerEditDto.phone,phone]; arguments []; default message [phone],12,8]; default message [длина должна составлять от 8 до 12]] 
2021-12-21 18:01:48,623 WARN  [http-nio-8092-exec-5] org.springframework.web.servlet.mvc.method.annotation.ExceptionHandlerExceptionResolver : Resolved [org.springframework.web.bind.MethodArgumentNotValidException: Validation failed for argument [0] in public com.neoflex.customer_service.model.to.CustomerDto com.neoflex.customer_service.controller.CustomerController.create(com.neoflex.customer_service.model.to.CustomerEditDto): [Field error in object 'customerEditDto' on field 'phone': rejected value [7777777]; codes [Length.customerEditDto.phone,Length.phone,Length.java.lang.String,Length]; arguments [org.springframework.context.support.DefaultMessageSourceResolvable: codes [customerEditDto.phone,phone]; arguments []; default message [phone],12,8]; default message [длина должна составлять от 8 до 12]] ]
2021-12-21 18:12:54,929 INFO  [http-nio-8092-exec-6] com.neoflex.customer_service.controller.CustomerController : Authenticate customer with phone 999-99-99
2021-12-21 18:12:54,931 INFO  [http-nio-8092-exec-8] com.neoflex.customer_service.controller.CustomerController : Authenticate customer with phone 999-99-99
2021-12-21 18:12:54,931 INFO  [http-nio-8092-exec-7] com.neoflex.customer_service.controller.CustomerController : Authenticate customer with phone 999-99-99
2021-12-21 18:14:52,573 INFO  [http-nio-8092-exec-2] com.neoflex.customer_service.controller.CustomerController : Authenticate customer with phone 999-99-99
2021-12-21 19:25:18,497 INFO  [SpringApplicationShutdownHook] org.springframework.orm.jpa.LocalContainerEntityManagerFactoryBean : Closing JPA EntityManagerFactory for persistence unit 'default'
2021-12-21 19:25:18,553 INFO  [SpringApplicationShutdownHook] com.zaxxer.hikari.HikariDataSource : HikariPool-1 - Shutdown initiated...
2021-12-21 19:25:18,584 INFO  [SpringApplicationShutdownHook] com.zaxxer.hikari.HikariDataSource : HikariPool-1 - Shutdown completed.
2021-12-21 19:25:23,565 INFO  [restartedMain] com.neoflex.customer_service.CustomerServiceApplication : Starting CustomerServiceApplication using Java 17.0.1 on NB58-061 with PID 8360 (C:\projects\neoflex-food\customer_service\target\classes started by sryzhkov in C:\projects\neoflex-food)
2021-12-21 19:25:23,567 INFO  [restartedMain] com.neoflex.customer_service.CustomerServiceApplication : No active profile set, falling back to default profiles: default
2021-12-21 19:25:23,738 INFO  [restartedMain] org.springframework.boot.devtools.restart.ChangeableUrls : The Class-Path manifest attribute in C:\Users\sryzhkov\.m2\repository\org\liquibase\liquibase-core\4.3.5\liquibase-core-4.3.5.jar referenced one or more files that do not exist: file:/C:/Users/sryzhkov/.m2/repository/org/liquibase/liquibase-core/4.3.5/commons-cli-1.4.jar,file:/C:/Users/sryzhkov/.m2/repository/org/liquibase/liquibase-core/4.3.5/snakeyaml-1.27.jar
2021-12-21 19:25:23,738 INFO  [restartedMain] org.springframework.boot.devtools.env.DevToolsPropertyDefaultsPostProcessor : Devtools property defaults active! Set 'spring.devtools.add-properties' to 'false' to disable
2021-12-21 19:25:23,738 INFO  [restartedMain] org.springframework.boot.devtools.env.DevToolsPropertyDefaultsPostProcessor : For additional web related logging consider setting the 'logging.level.web' property to 'DEBUG'
2021-12-21 19:25:24,638 INFO  [restartedMain] org.springframework.data.repository.config.RepositoryConfigurationDelegate : Bootstrapping Spring Data JPA repositories in DEFAULT mode.
2021-12-21 19:25:24,717 INFO  [restartedMain] org.springframework.data.repository.config.RepositoryConfigurationDelegate : Finished Spring Data repository scanning in 67 ms. Found 1 JPA repository interfaces.
2021-12-21 19:25:25,602 INFO  [restartedMain] org.springframework.boot.web.embedded.tomcat.TomcatWebServer : Tomcat initialized with port(s): 8092 (http)
2021-12-21 19:25:25,619 INFO  [restartedMain] org.apache.catalina.core.StandardService : Starting service [Tomcat]
2021-12-21 19:25:25,620 INFO  [restartedMain] org.apache.catalina.core.StandardEngine : Starting Servlet engine: [Apache Tomcat/9.0.54]
2021-12-21 19:25:25,730 INFO  [restartedMain] org.apache.catalina.core.ContainerBase.[Tomcat].[localhost].[/] : Initializing Spring embedded WebApplicationContext
2021-12-21 19:25:25,730 INFO  [restartedMain] org.springframework.boot.web.servlet.context.ServletWebServerApplicationContext : Root WebApplicationContext: initialization completed in 1991 ms
2021-12-21 19:25:25,892 INFO  [restartedMain] com.zaxxer.hikari.HikariDataSource : HikariPool-1 - Starting...
2021-12-21 19:25:26,173 INFO  [restartedMain] com.zaxxer.hikari.HikariDataSource : HikariPool-1 - Start completed.
2021-12-21 19:25:26,682 INFO  [restartedMain] liquibase.lockservice : Successfully acquired change log lock
2021-12-21 19:25:27,159 INFO  [restartedMain] liquibase.changelog : Reading from public.databasechangelog
2021-12-21 19:25:27,200 INFO  [restartedMain] liquibase.lockservice : Successfully released change log lock
2021-12-21 19:25:27,204 INFO  [restartedMain] liquibase.lockservice : Successfully acquired change log lock
2021-12-21 19:25:27,206 WARN  [restartedMain] liquibase.hub : Skipping auto-registration
2021-12-21 19:25:27,232 INFO  [restartedMain] liquibase.changelog : SQL in file data/init_db.sql executed
2021-12-21 19:25:27,234 INFO  [restartedMain] liquibase.changelog : ChangeSet changelog/v1.0/initial.xml::2::sryzhkov ran successfully in 24ms
2021-12-21 19:25:27,243 INFO  [restartedMain] liquibase.lockservice : Successfully released change log lock
2021-12-21 19:25:27,329 INFO  [restartedMain] org.hibernate.jpa.internal.util.LogHelper : HHH000204: Processing PersistenceUnitInfo [name: default]
2021-12-21 19:25:27,410 INFO  [restartedMain] org.hibernate.Version : HHH000412: Hibernate ORM core version 5.4.32.Final
2021-12-21 19:25:27,635 INFO  [restartedMain] org.hibernate.annotations.common.Version : HCANN000001: Hibernate Commons Annotations {5.1.2.Final}
2021-12-21 19:25:27,791 INFO  [restartedMain] org.hibernate.dialect.Dialect : HHH000400: Using dialect: org.hibernate.dialect.PostgreSQL9Dialect
2021-12-21 19:25:28,352 INFO  [restartedMain] org.hibernate.engine.transaction.jta.platform.internal.JtaPlatformInitiator : HHH000490: Using JtaPlatform implementation: [org.hibernate.engine.transaction.jta.platform.internal.NoJtaPlatform]
2021-12-21 19:25:28,359 INFO  [restartedMain] org.springframework.orm.jpa.LocalContainerEntityManagerFactoryBean : Initialized JPA EntityManagerFactory for persistence unit 'default'
2021-12-21 19:25:28,779 WARN  [restartedMain] org.springframework.boot.autoconfigure.orm.jpa.JpaBaseConfiguration$JpaWebConfiguration : spring.jpa.open-in-view is enabled by default. Therefore, database queries may be performed during view rendering. Explicitly configure spring.jpa.open-in-view to disable this warning
2021-12-21 19:25:29,150 WARN  [restartedMain] org.springframework.boot.devtools.autoconfigure.OptionalLiveReloadServer : Unable to start LiveReload server
2021-12-21 19:25:29,186 INFO  [restartedMain] org.springframework.boot.web.embedded.tomcat.TomcatWebServer : Tomcat started on port(s): 8092 (http) with context path ''
2021-12-21 19:25:29,197 INFO  [restartedMain] com.neoflex.customer_service.CustomerServiceApplication : Started CustomerServiceApplication in 6.248 seconds (JVM running for 6.892)
2021-12-21 19:25:34,441 INFO  [http-nio-8092-exec-1] org.apache.catalina.core.ContainerBase.[Tomcat].[localhost].[/] : Initializing Spring DispatcherServlet 'dispatcherServlet'
2021-12-21 19:25:34,442 INFO  [http-nio-8092-exec-1] org.springframework.web.servlet.DispatcherServlet : Initializing Servlet 'dispatcherServlet'
2021-12-21 19:25:34,445 INFO  [http-nio-8092-exec-1] org.springframework.web.servlet.DispatcherServlet : Completed initialization in 3 ms
2021-12-21 19:26:00,569 INFO  [SpringApplicationShutdownHook] org.springframework.orm.jpa.LocalContainerEntityManagerFactoryBean : Closing JPA EntityManagerFactory for persistence unit 'default'
2021-12-21 19:26:00,573 INFO  [SpringApplicationShutdownHook] com.zaxxer.hikari.HikariDataSource : HikariPool-1 - Shutdown initiated...
2021-12-21 19:26:00,576 INFO  [SpringApplicationShutdownHook] com.zaxxer.hikari.HikariDataSource : HikariPool-1 - Shutdown completed.
2021-12-21 19:26:05,134 INFO  [restartedMain] com.neoflex.customer_service.CustomerServiceApplication : Starting CustomerServiceApplication using Java 17.0.1 on NB58-061 with PID 17068 (C:\projects\neoflex-food\customer_service\target\classes started by sryzhkov in C:\projects\neoflex-food)
2021-12-21 19:26:05,136 INFO  [restartedMain] com.neoflex.customer_service.CustomerServiceApplication : No active profile set, falling back to default profiles: default
2021-12-21 19:26:05,193 INFO  [restartedMain] org.springframework.boot.devtools.restart.ChangeableUrls : The Class-Path manifest attribute in C:\Users\sryzhkov\.m2\repository\org\liquibase\liquibase-core\4.3.5\liquibase-core-4.3.5.jar referenced one or more files that do not exist: file:/C:/Users/sryzhkov/.m2/repository/org/liquibase/liquibase-core/4.3.5/commons-cli-1.4.jar,file:/C:/Users/sryzhkov/.m2/repository/org/liquibase/liquibase-core/4.3.5/snakeyaml-1.27.jar
2021-12-21 19:26:05,194 INFO  [restartedMain] org.springframework.boot.devtools.env.DevToolsPropertyDefaultsPostProcessor : Devtools property defaults active! Set 'spring.devtools.add-properties' to 'false' to disable
2021-12-21 19:26:05,194 INFO  [restartedMain] org.springframework.boot.devtools.env.DevToolsPropertyDefaultsPostProcessor : For additional web related logging consider setting the 'logging.level.web' property to 'DEBUG'
2021-12-21 19:26:06,019 INFO  [restartedMain] org.springframework.data.repository.config.RepositoryConfigurationDelegate : Bootstrapping Spring Data JPA repositories in DEFAULT mode.
2021-12-21 19:26:06,074 INFO  [restartedMain] org.springframework.data.repository.config.RepositoryConfigurationDelegate : Finished Spring Data repository scanning in 48 ms. Found 1 JPA repository interfaces.
2021-12-21 19:26:06,827 INFO  [restartedMain] org.springframework.boot.web.embedded.tomcat.TomcatWebServer : Tomcat initialized with port(s): 8092 (http)
2021-12-21 19:26:06,843 INFO  [restartedMain] org.apache.catalina.core.StandardService : Starting service [Tomcat]
2021-12-21 19:26:06,844 INFO  [restartedMain] org.apache.catalina.core.StandardEngine : Starting Servlet engine: [Apache Tomcat/9.0.54]
2021-12-21 19:26:06,940 INFO  [restartedMain] org.apache.catalina.core.ContainerBase.[Tomcat].[localhost].[/] : Initializing Spring embedded WebApplicationContext
2021-12-21 19:26:06,940 INFO  [restartedMain] org.springframework.boot.web.servlet.context.ServletWebServerApplicationContext : Root WebApplicationContext: initialization completed in 1745 ms
2021-12-21 19:26:07,064 INFO  [restartedMain] com.zaxxer.hikari.HikariDataSource : HikariPool-1 - Starting...
2021-12-21 19:26:07,280 INFO  [restartedMain] com.zaxxer.hikari.HikariDataSource : HikariPool-1 - Start completed.
2021-12-21 19:26:07,762 INFO  [restartedMain] liquibase.lockservice : Successfully acquired change log lock
2021-12-21 19:26:08,278 INFO  [restartedMain] liquibase.changelog : Reading from public.databasechangelog
2021-12-21 19:26:08,319 INFO  [restartedMain] liquibase.lockservice : Successfully released change log lock
2021-12-21 19:26:08,325 INFO  [restartedMain] liquibase.lockservice : Successfully acquired change log lock
2021-12-21 19:26:08,326 WARN  [restartedMain] liquibase.hub : Skipping auto-registration
2021-12-21 19:26:08,356 INFO  [restartedMain] liquibase.changelog : SQL in file data/init_db.sql executed
2021-12-21 19:26:08,357 INFO  [restartedMain] liquibase.changelog : ChangeSet changelog/v1.0/initial.xml::2::sryzhkov ran successfully in 22ms
2021-12-21 19:26:08,367 INFO  [restartedMain] liquibase.lockservice : Successfully released change log lock
2021-12-21 19:26:08,469 INFO  [restartedMain] org.hibernate.jpa.internal.util.LogHelper : HHH000204: Processing PersistenceUnitInfo [name: default]
2021-12-21 19:26:08,549 INFO  [restartedMain] org.hibernate.Version : HHH000412: Hibernate ORM core version 5.4.32.Final
2021-12-21 19:26:08,723 INFO  [restartedMain] org.hibernate.annotations.common.Version : HCANN000001: Hibernate Commons Annotations {5.1.2.Final}
2021-12-21 19:26:08,850 INFO  [restartedMain] org.hibernate.dialect.Dialect : HHH000400: Using dialect: org.hibernate.dialect.PostgreSQL9Dialect
2021-12-21 19:26:09,376 INFO  [restartedMain] org.hibernate.engine.transaction.jta.platform.internal.JtaPlatformInitiator : HHH000490: Using JtaPlatform implementation: [org.hibernate.engine.transaction.jta.platform.internal.NoJtaPlatform]
2021-12-21 19:26:09,384 INFO  [restartedMain] org.springframework.orm.jpa.LocalContainerEntityManagerFactoryBean : Initialized JPA EntityManagerFactory for persistence unit 'default'
2021-12-21 19:26:09,871 WARN  [restartedMain] org.springframework.boot.autoconfigure.orm.jpa.JpaBaseConfiguration$JpaWebConfiguration : spring.jpa.open-in-view is enabled by default. Therefore, database queries may be performed during view rendering. Explicitly configure spring.jpa.open-in-view to disable this warning
2021-12-21 19:26:10,758 WARN  [restartedMain] org.springframework.boot.devtools.autoconfigure.OptionalLiveReloadServer : Unable to start LiveReload server
2021-12-21 19:26:10,815 INFO  [restartedMain] org.springframework.boot.web.embedded.tomcat.TomcatWebServer : Tomcat started on port(s): 8092 (http) with context path ''
2021-12-21 19:26:10,829 INFO  [restartedMain] com.neoflex.customer_service.CustomerServiceApplication : Started CustomerServiceApplication in 6.318 seconds (JVM running for 6.921)
2021-12-21 19:26:11,674 INFO  [http-nio-8092-exec-1] org.apache.catalina.core.ContainerBase.[Tomcat].[localhost].[/] : Initializing Spring DispatcherServlet 'dispatcherServlet'
2021-12-21 19:26:11,674 INFO  [http-nio-8092-exec-1] org.springframework.web.servlet.DispatcherServlet : Initializing Servlet 'dispatcherServlet'
2021-12-21 19:26:11,676 INFO  [http-nio-8092-exec-1] org.springframework.web.servlet.DispatcherServlet : Completed initialization in 1 ms
2021-12-21 19:31:54,160 INFO  [SpringApplicationShutdownHook] org.springframework.orm.jpa.LocalContainerEntityManagerFactoryBean : Closing JPA EntityManagerFactory for persistence unit 'default'
2021-12-21 19:31:54,165 INFO  [SpringApplicationShutdownHook] com.zaxxer.hikari.HikariDataSource : HikariPool-1 - Shutdown initiated...
2021-12-21 19:31:54,171 INFO  [SpringApplicationShutdownHook] com.zaxxer.hikari.HikariDataSource : HikariPool-1 - Shutdown completed.
2021-12-21 19:32:00,535 INFO  [restartedMain] com.neoflex.customer_service.CustomerServiceApplication : Starting CustomerServiceApplication using Java 17.0.1 on NB58-061 with PID 3208 (C:\projects\neoflex-food\customer_service\target\classes started by sryzhkov in C:\projects\neoflex-food)
2021-12-21 19:32:00,536 INFO  [restartedMain] com.neoflex.customer_service.CustomerServiceApplication : No active profile set, falling back to default profiles: default
2021-12-21 19:32:00,591 INFO  [restartedMain] org.springframework.boot.devtools.restart.ChangeableUrls : The Class-Path manifest attribute in C:\Users\sryzhkov\.m2\repository\org\liquibase\liquibase-core\4.3.5\liquibase-core-4.3.5.jar referenced one or more files that do not exist: file:/C:/Users/sryzhkov/.m2/repository/org/liquibase/liquibase-core/4.3.5/commons-cli-1.4.jar,file:/C:/Users/sryzhkov/.m2/repository/org/liquibase/liquibase-core/4.3.5/snakeyaml-1.27.jar
2021-12-21 19:32:00,591 INFO  [restartedMain] org.springframework.boot.devtools.env.DevToolsPropertyDefaultsPostProcessor : Devtools property defaults active! Set 'spring.devtools.add-properties' to 'false' to disable
2021-12-21 19:32:00,591 INFO  [restartedMain] org.springframework.boot.devtools.env.DevToolsPropertyDefaultsPostProcessor : For additional web related logging consider setting the 'logging.level.web' property to 'DEBUG'
2021-12-21 19:32:01,392 INFO  [restartedMain] org.springframework.data.repository.config.RepositoryConfigurationDelegate : Bootstrapping Spring Data JPA repositories in DEFAULT mode.
2021-12-21 19:32:01,460 INFO  [restartedMain] org.springframework.data.repository.config.RepositoryConfigurationDelegate : Finished Spring Data repository scanning in 57 ms. Found 1 JPA repository interfaces.
2021-12-21 19:32:02,337 INFO  [restartedMain] org.springframework.boot.web.embedded.tomcat.TomcatWebServer : Tomcat initialized with port(s): 8092 (http)
2021-12-21 19:32:02,358 INFO  [restartedMain] org.apache.catalina.core.StandardService : Starting service [Tomcat]
2021-12-21 19:32:02,358 INFO  [restartedMain] org.apache.catalina.core.StandardEngine : Starting Servlet engine: [Apache Tomcat/9.0.54]
2021-12-21 19:32:02,493 INFO  [restartedMain] org.apache.catalina.core.ContainerBase.[Tomcat].[localhost].[/] : Initializing Spring embedded WebApplicationContext
2021-12-21 19:32:02,493 INFO  [restartedMain] org.springframework.boot.web.servlet.context.ServletWebServerApplicationContext : Root WebApplicationContext: initialization completed in 1901 ms
2021-12-21 19:32:02,637 INFO  [restartedMain] com.zaxxer.hikari.HikariDataSource : HikariPool-1 - Starting...
2021-12-21 19:32:02,885 INFO  [restartedMain] com.zaxxer.hikari.HikariDataSource : HikariPool-1 - Start completed.
2021-12-21 19:32:03,458 INFO  [restartedMain] liquibase.lockservice : Successfully acquired change log lock
2021-12-21 19:32:03,948 INFO  [restartedMain] liquibase.changelog : Reading from public.databasechangelog
2021-12-21 19:32:03,996 INFO  [restartedMain] liquibase.lockservice : Successfully released change log lock
2021-12-21 19:32:04,003 INFO  [restartedMain] liquibase.lockservice : Successfully acquired change log lock
2021-12-21 19:32:04,004 WARN  [restartedMain] liquibase.hub : Skipping auto-registration
2021-12-21 19:32:04,028 INFO  [restartedMain] liquibase.changelog : SQL in file data/init_db.sql executed
2021-12-21 19:32:04,029 INFO  [restartedMain] liquibase.changelog : ChangeSet changelog/v1.0/initial.xml::2::sryzhkov ran successfully in 19ms
2021-12-21 19:32:04,039 INFO  [restartedMain] liquibase.lockservice : Successfully released change log lock
2021-12-21 19:32:04,142 INFO  [restartedMain] org.hibernate.jpa.internal.util.LogHelper : HHH000204: Processing PersistenceUnitInfo [name: default]
2021-12-21 19:32:04,245 INFO  [restartedMain] org.hibernate.Version : HHH000412: Hibernate ORM core version 5.4.32.Final
2021-12-21 19:32:04,427 INFO  [restartedMain] org.hibernate.annotations.common.Version : HCANN000001: Hibernate Commons Annotations {5.1.2.Final}
2021-12-21 19:32:04,534 INFO  [restartedMain] org.hibernate.dialect.Dialect : HHH000400: Using dialect: org.hibernate.dialect.PostgreSQL9Dialect
2021-12-21 19:32:05,042 INFO  [restartedMain] org.hibernate.engine.transaction.jta.platform.internal.JtaPlatformInitiator : HHH000490: Using JtaPlatform implementation: [org.hibernate.engine.transaction.jta.platform.internal.NoJtaPlatform]
2021-12-21 19:32:05,052 INFO  [restartedMain] org.springframework.orm.jpa.LocalContainerEntityManagerFactoryBean : Initialized JPA EntityManagerFactory for persistence unit 'default'
2021-12-21 19:32:05,522 WARN  [restartedMain] org.springframework.boot.autoconfigure.orm.jpa.JpaBaseConfiguration$JpaWebConfiguration : spring.jpa.open-in-view is enabled by default. Therefore, database queries may be performed during view rendering. Explicitly configure spring.jpa.open-in-view to disable this warning
2021-12-21 19:32:05,911 WARN  [restartedMain] org.springframework.boot.devtools.autoconfigure.OptionalLiveReloadServer : Unable to start LiveReload server
2021-12-21 19:32:05,951 INFO  [restartedMain] org.springframework.boot.web.embedded.tomcat.TomcatWebServer : Tomcat started on port(s): 8092 (http) with context path ''
2021-12-21 19:32:05,962 INFO  [restartedMain] com.neoflex.customer_service.CustomerServiceApplication : Started CustomerServiceApplication in 5.986 seconds (JVM running for 6.772)
2021-12-21 19:32:32,440 INFO  [http-nio-8092-exec-1] org.apache.catalina.core.ContainerBase.[Tomcat].[localhost].[/] : Initializing Spring DispatcherServlet 'dispatcherServlet'
2021-12-21 19:32:32,440 INFO  [http-nio-8092-exec-1] org.springframework.web.servlet.DispatcherServlet : Initializing Servlet 'dispatcherServlet'
2021-12-21 19:32:32,441 INFO  [http-nio-8092-exec-1] org.springframework.web.servlet.DispatcherServlet : Completed initialization in 0 ms
2021-12-21 20:09:26,279 INFO  [SpringApplicationShutdownHook] org.springframework.orm.jpa.LocalContainerEntityManagerFactoryBean : Closing JPA EntityManagerFactory for persistence unit 'default'
2021-12-21 20:09:26,322 INFO  [SpringApplicationShutdownHook] com.zaxxer.hikari.HikariDataSource : HikariPool-1 - Shutdown initiated...
2021-12-21 20:09:26,335 INFO  [SpringApplicationShutdownHook] com.zaxxer.hikari.HikariDataSource : HikariPool-1 - Shutdown completed.
2021-12-21 20:14:26,343 INFO  [restartedMain] com.neoflex.customer_service.CustomerServiceApplication : Starting CustomerServiceApplication using Java 17.0.1 on NB58-061 with PID 12904 (C:\projects\neoflex-food\customer_service\target\classes started by sryzhkov in C:\projects\neoflex-food)
2021-12-21 20:14:26,345 INFO  [restartedMain] com.neoflex.customer_service.CustomerServiceApplication : No active profile set, falling back to default profiles: default
2021-12-21 20:14:26,404 INFO  [restartedMain] org.springframework.boot.devtools.restart.ChangeableUrls : The Class-Path manifest attribute in C:\Users\sryzhkov\.m2\repository\org\liquibase\liquibase-core\4.3.5\liquibase-core-4.3.5.jar referenced one or more files that do not exist: file:/C:/Users/sryzhkov/.m2/repository/org/liquibase/liquibase-core/4.3.5/commons-cli-1.4.jar,file:/C:/Users/sryzhkov/.m2/repository/org/liquibase/liquibase-core/4.3.5/snakeyaml-1.27.jar
2021-12-21 20:14:26,404 INFO  [restartedMain] org.springframework.boot.devtools.env.DevToolsPropertyDefaultsPostProcessor : Devtools property defaults active! Set 'spring.devtools.add-properties' to 'false' to disable
2021-12-21 20:14:26,404 INFO  [restartedMain] org.springframework.boot.devtools.env.DevToolsPropertyDefaultsPostProcessor : For additional web related logging consider setting the 'logging.level.web' property to 'DEBUG'
2021-12-21 20:14:27,253 INFO  [restartedMain] org.springframework.data.repository.config.RepositoryConfigurationDelegate : Bootstrapping Spring Data JPA repositories in DEFAULT mode.
2021-12-21 20:14:27,327 INFO  [restartedMain] org.springframework.data.repository.config.RepositoryConfigurationDelegate : Finished Spring Data repository scanning in 64 ms. Found 1 JPA repository interfaces.
2021-12-21 20:14:28,116 INFO  [restartedMain] org.springframework.boot.web.embedded.tomcat.TomcatWebServer : Tomcat initialized with port(s): 8092 (http)
2021-12-21 20:14:28,135 INFO  [restartedMain] org.apache.catalina.core.StandardService : Starting service [Tomcat]
2021-12-21 20:14:28,136 INFO  [restartedMain] org.apache.catalina.core.StandardEngine : Starting Servlet engine: [Apache Tomcat/9.0.54]
2021-12-21 20:14:28,267 INFO  [restartedMain] org.apache.catalina.core.ContainerBase.[Tomcat].[localhost].[/] : Initializing Spring embedded WebApplicationContext
2021-12-21 20:14:28,267 INFO  [restartedMain] org.springframework.boot.web.servlet.context.ServletWebServerApplicationContext : Root WebApplicationContext: initialization completed in 1861 ms
2021-12-21 20:14:28,483 INFO  [restartedMain] com.zaxxer.hikari.HikariDataSource : HikariPool-1 - Starting...
2021-12-21 20:14:28,755 INFO  [restartedMain] com.zaxxer.hikari.HikariDataSource : HikariPool-1 - Start completed.
2021-12-21 20:14:29,331 INFO  [restartedMain] liquibase.lockservice : Successfully acquired change log lock
2021-12-21 20:14:29,870 INFO  [restartedMain] liquibase.changelog : Reading from public.databasechangelog
2021-12-21 20:14:29,928 INFO  [restartedMain] liquibase.lockservice : Successfully released change log lock
2021-12-21 20:14:29,932 INFO  [restartedMain] liquibase.lockservice : Successfully acquired change log lock
2021-12-21 20:14:29,934 WARN  [restartedMain] liquibase.hub : Skipping auto-registration
2021-12-21 20:14:29,959 INFO  [restartedMain] liquibase.changelog : SQL in file data/init_db.sql executed
2021-12-21 20:14:29,961 INFO  [restartedMain] liquibase.changelog : ChangeSet changelog/v1.0/initial.xml::2::sryzhkov ran successfully in 22ms
2021-12-21 20:14:29,972 INFO  [restartedMain] liquibase.lockservice : Successfully released change log lock
2021-12-21 20:14:30,082 INFO  [restartedMain] org.hibernate.jpa.internal.util.LogHelper : HHH000204: Processing PersistenceUnitInfo [name: default]
2021-12-21 20:14:30,201 INFO  [restartedMain] org.hibernate.Version : HHH000412: Hibernate ORM core version 5.4.32.Final
2021-12-21 20:14:30,446 INFO  [restartedMain] org.hibernate.annotations.common.Version : HCANN000001: Hibernate Commons Annotations {5.1.2.Final}
2021-12-21 20:14:30,619 INFO  [restartedMain] org.hibernate.dialect.Dialect : HHH000400: Using dialect: org.hibernate.dialect.PostgreSQL9Dialect
2021-12-21 20:14:31,235 INFO  [restartedMain] org.hibernate.engine.transaction.jta.platform.internal.JtaPlatformInitiator : HHH000490: Using JtaPlatform implementation: [org.hibernate.engine.transaction.jta.platform.internal.NoJtaPlatform]
2021-12-21 20:14:31,244 INFO  [restartedMain] org.springframework.orm.jpa.LocalContainerEntityManagerFactoryBean : Initialized JPA EntityManagerFactory for persistence unit 'default'
2021-12-21 20:14:31,764 WARN  [restartedMain] org.springframework.boot.autoconfigure.orm.jpa.JpaBaseConfiguration$JpaWebConfiguration : spring.jpa.open-in-view is enabled by default. Therefore, database queries may be performed during view rendering. Explicitly configure spring.jpa.open-in-view to disable this warning
2021-12-21 20:14:32,192 INFO  [restartedMain] org.springframework.boot.devtools.autoconfigure.OptionalLiveReloadServer : LiveReload server is running on port 35729
2021-12-21 20:14:32,233 INFO  [restartedMain] org.springframework.boot.web.embedded.tomcat.TomcatWebServer : Tomcat started on port(s): 8092 (http) with context path ''
2021-12-21 20:14:32,244 INFO  [restartedMain] com.neoflex.customer_service.CustomerServiceApplication : Started CustomerServiceApplication in 6.487 seconds (JVM running for 7.41)
2021-12-21 20:16:37,324 INFO  [http-nio-8092-exec-1] org.apache.catalina.core.ContainerBase.[Tomcat].[localhost].[/] : Initializing Spring DispatcherServlet 'dispatcherServlet'
2021-12-21 20:16:37,325 INFO  [http-nio-8092-exec-1] org.springframework.web.servlet.DispatcherServlet : Initializing Servlet 'dispatcherServlet'
2021-12-21 20:16:37,327 INFO  [http-nio-8092-exec-1] org.springframework.web.servlet.DispatcherServlet : Completed initialization in 2 ms
